  stitching.cpp
C:\Users\user\Downloads\skeleton code-Lec09\stitching.cpp(99,29): warning C4244: '초기화 중': 'int'에서 'float'(으)로 변환하면서 데이터가 손실될 수 있습니다.
C:\Users\user\Downloads\skeleton code-Lec09\stitching.cpp(99,21): warning C4244: '초기화 중': 'int'에서 'const float'(으)로 변환하면서 데이터가 손실될 수 있습니다.
C:\Users\user\Downloads\skeleton code-Lec09\stitching.cpp(100,29): warning C4244: '초기화 중': 'int'에서 'float'(으)로 변환하면서 데이터가 손실될 수 있습니다.
C:\Users\user\Downloads\skeleton code-Lec09\stitching.cpp(100,21): warning C4244: '초기화 중': 'int'에서 'const float'(으)로 변환하면서 데이터가 손실될 수 있습니다.
C:\Users\user\Downloads\skeleton code-Lec09\stitching.cpp(101,29): warning C4244: '초기화 중': 'int'에서 'float'(으)로 변환하면서 데이터가 손실될 수 있습니다.
C:\Users\user\Downloads\skeleton code-Lec09\stitching.cpp(101,21): warning C4244: '초기화 중': 'int'에서 'const float'(으)로 변환하면서 데이터가 손실될 수 있습니다.
C:\Users\user\Downloads\skeleton code-Lec09\stitching.cpp(102,29): warning C4244: '초기화 중': 'int'에서 'float'(으)로 변환하면서 데이터가 손실될 수 있습니다.
C:\Users\user\Downloads\skeleton code-Lec09\stitching.cpp(102,21): warning C4244: '초기화 중': 'int'에서 'const float'(으)로 변환하면서 데이터가 손실될 수 있습니다.
C:\Users\user\Downloads\skeleton code-Lec09\stitching.cpp(181,83): warning C4244: '인수': 'float'에서 'int'(으)로 변환하면서 데이터가 손실될 수 있습니다.
C:\Users\user\Downloads\skeleton code-Lec09\stitching.cpp(181,79): warning C4244: '인수': 'float'에서 'int'(으)로 변환하면서 데이터가 손실될 수 있습니다.
C:\Users\user\Downloads\skeleton code-Lec09\stitching.cpp(181,121): warning C4244: '인수': 'float'에서 'int'(으)로 변환하면서 데이터가 손실될 수 있습니다.
C:\Users\user\Downloads\skeleton code-Lec09\stitching.cpp(181,117): warning C4244: '인수': 'float'에서 'int'(으)로 변환하면서 데이터가 손실될 수 있습니다.
C:\Users\user\Downloads\skeleton code-Lec09\stitching.cpp(182,47): warning C4244: '인수': 'float'에서 'int'(으)로 변환하면서 데이터가 손실될 수 있습니다.
C:\Users\user\Downloads\skeleton code-Lec09\stitching.cpp(182,43): warning C4244: '인수': 'float'에서 'int'(으)로 변환하면서 데이터가 손실될 수 있습니다.
C:\Users\user\Downloads\skeleton code-Lec09\stitching.cpp(182,85): warning C4244: '인수': 'float'에서 'int'(으)로 변환하면서 데이터가 손실될 수 있습니다.
C:\Users\user\Downloads\skeleton code-Lec09\stitching.cpp(182,81): warning C4244: '인수': 'float'에서 'int'(으)로 변환하면서 데이터가 손실될 수 있습니다.
C:\Users\user\Downloads\skeleton code-Lec09\stitching.cpp(197,12): warning C4244: '인수': 'time_t'에서 'unsigned int'(으)로 변환하면서 데이터가 손실될 수 있습니다.
C:\Users\user\Downloads\skeleton code-Lec09\stitching.cpp(280,90): warning C4244: '인수': 'float'에서 'int'(으)로 변환하면서 데이터가 손실될 수 있습니다.
C:\Users\user\Downloads\skeleton code-Lec09\stitching.cpp(280,86): warning C4244: '인수': 'float'에서 'int'(으)로 변환하면서 데이터가 손실될 수 있습니다.
C:\Users\user\Downloads\skeleton code-Lec09\stitching.cpp(280,128): warning C4244: '인수': 'float'에서 'int'(으)로 변환하면서 데이터가 손실될 수 있습니다.
C:\Users\user\Downloads\skeleton code-Lec09\stitching.cpp(280,124): warning C4244: '인수': 'float'에서 'int'(으)로 변환하면서 데이터가 손실될 수 있습니다.
C:\Users\user\Downloads\skeleton code-Lec09\stitching.cpp(281,47): warning C4244: '인수': 'float'에서 'int'(으)로 변환하면서 데이터가 손실될 수 있습니다.
C:\Users\user\Downloads\skeleton code-Lec09\stitching.cpp(281,43): warning C4244: '인수': 'float'에서 'int'(으)로 변환하면서 데이터가 손실될 수 있습니다.
C:\Users\user\Downloads\skeleton code-Lec09\stitching.cpp(281,85): warning C4244: '인수': 'float'에서 'int'(으)로 변환하면서 데이터가 손실될 수 있습니다.
C:\Users\user\Downloads\skeleton code-Lec09\stitching.cpp(281,81): warning C4244: '인수': 'float'에서 'int'(으)로 변환하면서 데이터가 손실될 수 있습니다.
  Assignment.vcxproj -> C:\Users\user\source\repos\Assignment\x64\Debug\Assignment.exe
